<?xml version="1.0" encoding="UTF-8"?>
<!-- Generated by org.testng.reporters.JUnitXMLReporter -->
<testsuite hostname="LAPTOP-83AF0GRJ" ignored="0" name="Default test" tests="5" failures="0" timestamp="20 Sep 2021 14:19:42 GMT" time="3.475" errors="0">
  <testcase name="postRequest" time="1.758" classname="restAssured.Tests.TC02_PostRequestWithBodyHeaderTest"/>
  <testcase name="verifyStatusCode" time="0.003" classname="restAssured.Tests.TC02_PostRequestWithBodyHeaderTest"/>
  <testcase name="verifyStatusLine" time="0.001" classname="restAssured.Tests.TC02_PostRequestWithBodyHeaderTest"/>
  <testcase name="getHeaders" time="0.001" classname="restAssured.Tests.TC02_PostRequestWithBodyHeaderTest"/>
  <testcase name="getValueFromResponseBody" time="0.812" classname="restAssured.Tests.TC02_PostRequestWithBodyHeaderTest"/>
</testsuite> <!-- Default test -->
