<?xml version="1.0" encoding="UTF-8"?>
<testsuite xmlns:xsi="http://www.w3.org/2001/XMLSchema-instance" xsi:noNamespaceSchemaLocation="https://maven.apache.org/surefire/maven-surefire-plugin/xsd/surefire-test-report.xsd" name="TestSuite" time="8.357" tests="3" errors="0" skipped="0" failures="0">
  <properties>
[...]
</properties>
  <testcase name="getResponseBody" classname="restAssured.Tests.TC01_GetRequestDetailsPrintTest" time="1.085"/>
  <testcase name="postRequest" classname="restAssured.Tests.TC02_PostRequestWithBodyHeaderTest" time="0.488"/>
  <testcase name="updateRequest" classname="restAssured.Tests.TC03_UpdateRequestWithBodyHeaderTest" time="5.346"/>
</testsuite>