<?xml version="1.0" encoding="UTF-8"?>
<testng-results skipped="0" failed="0" ignored="0" total="3" passed="3">
  <reporter-output>
  </reporter-output>
  <suite name="API Rest Assures Automation Suite" duration-ms="9167" started-at="2021-09-20T14:21:06Z" finished-at="2021-09-20T14:21:15Z">
    <groups>
    </groups>
    <test name="API Rest Assured Test Cases" duration-ms="9167" started-at="2021-09-20T14:21:06Z" finished-at="2021-09-20T14:21:15Z">
      <class name="restAssured.Tests.TC02_PostRequestWithBodyHeaderTest">
        <test-method status="PASS" signature="startReport()[pri:0, instance:restAssured.Tests.TC02_PostRequestWithBodyHeaderTest@612fc6eb]" name="startReport" is-config="true" duration-ms="1" started-at="2021-09-20T14:21:09Z" finished-at="2021-09-20T14:21:09Z">
          <reporter-output>
          </reporter-output>
        </test-method> <!-- startReport -->
        <test-method status="PASS" signature="beforeClass()[pri:0, instance:restAssured.Tests.TC02_PostRequestWithBodyHeaderTest@612fc6eb]" name="beforeClass" is-config="true" duration-ms="0" started-at="2021-09-20T14:21:09Z" finished-at="2021-09-20T14:21:09Z">
          <reporter-output>
          </reporter-output>
        </test-method> <!-- beforeClass -->
        <test-method status="PASS" signature="postRequest()[pri:1, instance:restAssured.Tests.TC02_PostRequestWithBodyHeaderTest@612fc6eb]" name="postRequest" duration-ms="469" started-at="2021-09-20T14:21:09Z" finished-at="2021-09-20T14:21:09Z">
          <reporter-output>
          </reporter-output>
        </test-method> <!-- postRequest -->
        <test-method status="PASS" signature="endReport()[pri:0, instance:restAssured.Tests.TC02_PostRequestWithBodyHeaderTest@612fc6eb]" name="endReport" is-config="true" duration-ms="44" started-at="2021-09-20T14:21:09Z" finished-at="2021-09-20T14:21:09Z">
          <reporter-output>
          </reporter-output>
        </test-method> <!-- endReport -->
      </class> <!-- restAssured.Tests.TC02_PostRequestWithBodyHeaderTest -->
      <class name="restAssured.Tests.TC03_UpdateRequestWithBodyHeaderTest">
        <test-method status="PASS" signature="startReport()[pri:0, instance:restAssured.Tests.TC03_UpdateRequestWithBodyHeaderTest@1060b431]" name="startReport" is-config="true" duration-ms="1" started-at="2021-09-20T14:21:09Z" finished-at="2021-09-20T14:21:09Z">
          <reporter-output>
          </reporter-output>
        </test-method> <!-- startReport -->
        <test-method status="PASS" signature="beforeClass()[pri:0, instance:restAssured.Tests.TC03_UpdateRequestWithBodyHeaderTest@1060b431]" name="beforeClass" is-config="true" duration-ms="0" started-at="2021-09-20T14:21:09Z" finished-at="2021-09-20T14:21:09Z">
          <reporter-output>
          </reporter-output>
        </test-method> <!-- beforeClass -->
        <test-method status="PASS" signature="updateRequest()[pri:1, instance:restAssured.Tests.TC03_UpdateRequestWithBodyHeaderTest@1060b431]" name="updateRequest" duration-ms="5677" started-at="2021-09-20T14:21:09Z" finished-at="2021-09-20T14:21:15Z">
          <reporter-output>
          </reporter-output>
        </test-method> <!-- updateRequest -->
        <test-method status="PASS" signature="endReport()[pri:0, instance:restAssured.Tests.TC03_UpdateRequestWithBodyHeaderTest@1060b431]" name="endReport" is-config="true" duration-ms="27" started-at="2021-09-20T14:21:15Z" finished-at="2021-09-20T14:21:15Z">
          <reporter-output>
          </reporter-output>
        </test-method> <!-- endReport -->
      </class> <!-- restAssured.Tests.TC03_UpdateRequestWithBodyHeaderTest -->
      <class name="restAssured.Tests.TC01_GetRequestDetailsPrintTest">
        <test-method status="PASS" signature="beforeClass()[pri:0, instance:restAssured.Tests.TC01_GetRequestDetailsPrintTest@eafc191]" name="beforeClass" is-config="true" duration-ms="911" started-at="2021-09-20T14:21:06Z" finished-at="2021-09-20T14:21:07Z">
          <reporter-output>
          </reporter-output>
        </test-method> <!-- beforeClass -->
        <test-method status="PASS" signature="startReport()[pri:0, instance:restAssured.Tests.TC01_GetRequestDetailsPrintTest@eafc191]" name="startReport" is-config="true" duration-ms="0" started-at="2021-09-20T14:21:07Z" finished-at="2021-09-20T14:21:07Z">
          <reporter-output>
          </reporter-output>
        </test-method> <!-- startReport -->
        <test-method status="PASS" signature="getResponseBody()[pri:1, instance:restAssured.Tests.TC01_GetRequestDetailsPrintTest@eafc191]" name="getResponseBody" duration-ms="1804" started-at="2021-09-20T14:21:07Z" finished-at="2021-09-20T14:21:09Z">
          <reporter-output>
          </reporter-output>
        </test-method> <!-- getResponseBody -->
        <test-method status="PASS" signature="endReport()[pri:0, instance:restAssured.Tests.TC01_GetRequestDetailsPrintTest@eafc191]" name="endReport" is-config="true" duration-ms="195" started-at="2021-09-20T14:21:09Z" finished-at="2021-09-20T14:21:09Z">
          <reporter-output>
          </reporter-output>
        </test-method> <!-- endReport -->
      </class> <!-- restAssured.Tests.TC01_GetRequestDetailsPrintTest -->
    </test> <!-- API Rest Assured Test Cases -->
  </suite> <!-- API Rest Assures Automation Suite -->
</testng-results>
