<?xml version="1.0" encoding="UTF-8"?>
<testng-results skipped="0" failed="4" ignored="0" total="5" passed="1">
  <reporter-output>
  </reporter-output>
  <suite name="Default suite" duration-ms="2459" started-at="2021-09-19T18:50:11Z" finished-at="2021-09-19T18:50:14Z">
    <groups>
    </groups>
    <test name="Default test" duration-ms="2459" started-at="2021-09-19T18:50:11Z" finished-at="2021-09-19T18:50:14Z">
      <class name="restAssured.Tests.TC07_PostRequestWithBodyJsonFileMethodChaining">
        <test-method status="PASS" signature="beforeClass()[pri:0, instance:restAssured.Tests.TC07_PostRequestWithBodyJsonFileMethodChaining@6121c9d6]" name="beforeClass" is-config="true" duration-ms="508" started-at="2021-09-19T18:50:11Z" finished-at="2021-09-19T18:50:12Z">
          <reporter-output>
          </reporter-output>
        </test-method> <!-- beforeClass -->
        <test-method status="PASS" signature="startReport()[pri:0, instance:restAssured.Tests.TC07_PostRequestWithBodyJsonFileMethodChaining@6121c9d6]" name="startReport" is-config="true" duration-ms="0" started-at="2021-09-19T18:50:12Z" finished-at="2021-09-19T18:50:12Z">
          <reporter-output>
          </reporter-output>
        </test-method> <!-- startReport -->
        <test-method status="PASS" signature="postRequest()[pri:1, instance:restAssured.Tests.TC07_PostRequestWithBodyJsonFileMethodChaining@6121c9d6]" name="postRequest" duration-ms="1531" started-at="2021-09-19T18:50:12Z" finished-at="2021-09-19T18:50:13Z">
          <reporter-output>
          </reporter-output>
        </test-method> <!-- postRequest -->
        <test-method status="PASS" signature="endReport()[pri:0, instance:restAssured.Tests.TC07_PostRequestWithBodyJsonFileMethodChaining@6121c9d6]" name="endReport" is-config="true" duration-ms="247" started-at="2021-09-19T18:50:13Z" finished-at="2021-09-19T18:50:13Z">
          <reporter-output>
          </reporter-output>
        </test-method> <!-- endReport -->
        <test-method status="FAIL" signature="verifyStatusCode()[pri:2, instance:restAssured.Tests.TC07_PostRequestWithBodyJsonFileMethodChaining@6121c9d6]" name="verifyStatusCode" duration-ms="2" started-at="2021-09-19T18:50:13Z" finished-at="2021-09-19T18:50:13Z">
          <exception class="java.lang.NullPointerException">
            <full-stacktrace>
              <![CDATA[java.lang.NullPointerException
at restAssured.Tests.TC07_PostRequestWithBodyJsonFileMethodChaining.verifyStatusCode(TC07_PostRequestWithBodyJsonFileMethodChaining.java:44)
at sun.reflect.NativeMethodAccessorImpl.invoke0(Native Method)
at sun.reflect.NativeMethodAccessorImpl.invoke(NativeMethodAccessorImpl.java:62)
at sun.reflect.DelegatingMethodAccessorImpl.invoke(DelegatingMethodAccessorImpl.java:43)
at java.lang.reflect.Method.invoke(Method.java:498)
at org.testng.internal.MethodInvocationHelper.invokeMethod(MethodInvocationHelper.java:124)
at org.testng.internal.Invoker.invokeMethod(Invoker.java:583)
at org.testng.internal.Invoker.invokeTestMethod(Invoker.java:719)
at org.testng.internal.Invoker.invokeTestMethods(Invoker.java:989)
at org.testng.internal.TestMethodWorker.invokeTestMethods(TestMethodWorker.java:125)
at org.testng.internal.TestMethodWorker.run(TestMethodWorker.java:109)
at org.testng.TestRunner.privateRun(TestRunner.java:648)
at org.testng.TestRunner.run(TestRunner.java:505)
at org.testng.SuiteRunner.runTest(SuiteRunner.java:455)
at org.testng.SuiteRunner.runSequentially(SuiteRunner.java:450)
at org.testng.SuiteRunner.privateRun(SuiteRunner.java:415)
at org.testng.SuiteRunner.run(SuiteRunner.java:364)
at org.testng.SuiteRunnerWorker.runSuite(SuiteRunnerWorker.java:52)
at org.testng.SuiteRunnerWorker.run(SuiteRunnerWorker.java:84)
at org.testng.TestNG.runSuitesSequentially(TestNG.java:1208)
at org.testng.TestNG.runSuitesLocally(TestNG.java:1137)
at org.testng.TestNG.runSuites(TestNG.java:1049)
at org.testng.TestNG.run(TestNG.java:1017)
at org.testng.remote.AbstractRemoteTestNG.run(AbstractRemoteTestNG.java:115)
at org.testng.remote.RemoteTestNG.initAndRun(RemoteTestNG.java:251)
at org.testng.remote.RemoteTestNG.main(RemoteTestNG.java:77)
]]>
            </full-stacktrace>
          </exception> <!-- java.lang.NullPointerException -->
          <reporter-output>
          </reporter-output>
        </test-method> <!-- verifyStatusCode -->
        <test-method status="PASS" signature="startReport()[pri:0, instance:restAssured.Tests.TC07_PostRequestWithBodyJsonFileMethodChaining@6121c9d6]" name="startReport" is-config="true" duration-ms="0" started-at="2021-09-19T18:50:13Z" finished-at="2021-09-19T18:50:13Z">
          <reporter-output>
          </reporter-output>
        </test-method> <!-- startReport -->
        <test-method status="PASS" signature="endReport()[pri:0, instance:restAssured.Tests.TC07_PostRequestWithBodyJsonFileMethodChaining@6121c9d6]" name="endReport" is-config="true" duration-ms="34" started-at="2021-09-19T18:50:13Z" finished-at="2021-09-19T18:50:14Z">
          <reporter-output>
          </reporter-output>
        </test-method> <!-- endReport -->
        <test-method status="FAIL" signature="verifyStatusLine()[pri:3, instance:restAssured.Tests.TC07_PostRequestWithBodyJsonFileMethodChaining@6121c9d6]" name="verifyStatusLine" duration-ms="1" started-at="2021-09-19T18:50:14Z" finished-at="2021-09-19T18:50:14Z">
          <exception class="java.lang.NullPointerException">
            <full-stacktrace>
              <![CDATA[java.lang.NullPointerException
at restAssured.Tests.TC07_PostRequestWithBodyJsonFileMethodChaining.verifyStatusLine(TC07_PostRequestWithBodyJsonFileMethodChaining.java:52)
at sun.reflect.NativeMethodAccessorImpl.invoke0(Native Method)
at sun.reflect.NativeMethodAccessorImpl.invoke(NativeMethodAccessorImpl.java:62)
at sun.reflect.DelegatingMethodAccessorImpl.invoke(DelegatingMethodAccessorImpl.java:43)
at java.lang.reflect.Method.invoke(Method.java:498)
at org.testng.internal.MethodInvocationHelper.invokeMethod(MethodInvocationHelper.java:124)
at org.testng.internal.Invoker.invokeMethod(Invoker.java:583)
at org.testng.internal.Invoker.invokeTestMethod(Invoker.java:719)
at org.testng.internal.Invoker.invokeTestMethods(Invoker.java:989)
at org.testng.internal.TestMethodWorker.invokeTestMethods(TestMethodWorker.java:125)
at org.testng.internal.TestMethodWorker.run(TestMethodWorker.java:109)
at org.testng.TestRunner.privateRun(TestRunner.java:648)
at org.testng.TestRunner.run(TestRunner.java:505)
at org.testng.SuiteRunner.runTest(SuiteRunner.java:455)
at org.testng.SuiteRunner.runSequentially(SuiteRunner.java:450)
at org.testng.SuiteRunner.privateRun(SuiteRunner.java:415)
at org.testng.SuiteRunner.run(SuiteRunner.java:364)
at org.testng.SuiteRunnerWorker.runSuite(SuiteRunnerWorker.java:52)
at org.testng.SuiteRunnerWorker.run(SuiteRunnerWorker.java:84)
at org.testng.TestNG.runSuitesSequentially(TestNG.java:1208)
at org.testng.TestNG.runSuitesLocally(TestNG.java:1137)
at org.testng.TestNG.runSuites(TestNG.java:1049)
at org.testng.TestNG.run(TestNG.java:1017)
at org.testng.remote.AbstractRemoteTestNG.run(AbstractRemoteTestNG.java:115)
at org.testng.remote.RemoteTestNG.initAndRun(RemoteTestNG.java:251)
at org.testng.remote.RemoteTestNG.main(RemoteTestNG.java:77)
]]>
            </full-stacktrace>
          </exception> <!-- java.lang.NullPointerException -->
          <reporter-output>
          </reporter-output>
        </test-method> <!-- verifyStatusLine -->
        <test-method status="PASS" signature="startReport()[pri:0, instance:restAssured.Tests.TC07_PostRequestWithBodyJsonFileMethodChaining@6121c9d6]" name="startReport" is-config="true" duration-ms="0" started-at="2021-09-19T18:50:14Z" finished-at="2021-09-19T18:50:14Z">
          <reporter-output>
          </reporter-output>
        </test-method> <!-- startReport -->
        <test-method status="PASS" signature="endReport()[pri:0, instance:restAssured.Tests.TC07_PostRequestWithBodyJsonFileMethodChaining@6121c9d6]" name="endReport" is-config="true" duration-ms="32" started-at="2021-09-19T18:50:14Z" finished-at="2021-09-19T18:50:14Z">
          <reporter-output>
          </reporter-output>
        </test-method> <!-- endReport -->
        <test-method status="FAIL" signature="getHeaders()[pri:4, instance:restAssured.Tests.TC07_PostRequestWithBodyJsonFileMethodChaining@6121c9d6]" name="getHeaders" duration-ms="1" started-at="2021-09-19T18:50:14Z" finished-at="2021-09-19T18:50:14Z">
          <exception class="java.lang.NullPointerException">
            <full-stacktrace>
              <![CDATA[java.lang.NullPointerException
at restAssured.Tests.TC07_PostRequestWithBodyJsonFileMethodChaining.getHeaders(TC07_PostRequestWithBodyJsonFileMethodChaining.java:60)
at sun.reflect.NativeMethodAccessorImpl.invoke0(Native Method)
at sun.reflect.NativeMethodAccessorImpl.invoke(NativeMethodAccessorImpl.java:62)
at sun.reflect.DelegatingMethodAccessorImpl.invoke(DelegatingMethodAccessorImpl.java:43)
at java.lang.reflect.Method.invoke(Method.java:498)
at org.testng.internal.MethodInvocationHelper.invokeMethod(MethodInvocationHelper.java:124)
at org.testng.internal.Invoker.invokeMethod(Invoker.java:583)
at org.testng.internal.Invoker.invokeTestMethod(Invoker.java:719)
at org.testng.internal.Invoker.invokeTestMethods(Invoker.java:989)
at org.testng.internal.TestMethodWorker.invokeTestMethods(TestMethodWorker.java:125)
at org.testng.internal.TestMethodWorker.run(TestMethodWorker.java:109)
at org.testng.TestRunner.privateRun(TestRunner.java:648)
at org.testng.TestRunner.run(TestRunner.java:505)
at org.testng.SuiteRunner.runTest(SuiteRunner.java:455)
at org.testng.SuiteRunner.runSequentially(SuiteRunner.java:450)
at org.testng.SuiteRunner.privateRun(SuiteRunner.java:415)
at org.testng.SuiteRunner.run(SuiteRunner.java:364)
at org.testng.SuiteRunnerWorker.runSuite(SuiteRunnerWorker.java:52)
at org.testng.SuiteRunnerWorker.run(SuiteRunnerWorker.java:84)
at org.testng.TestNG.runSuitesSequentially(TestNG.java:1208)
at org.testng.TestNG.runSuitesLocally(TestNG.java:1137)
at org.testng.TestNG.runSuites(TestNG.java:1049)
at org.testng.TestNG.run(TestNG.java:1017)
at org.testng.remote.AbstractRemoteTestNG.run(AbstractRemoteTestNG.java:115)
at org.testng.remote.RemoteTestNG.initAndRun(RemoteTestNG.java:251)
at org.testng.remote.RemoteTestNG.main(RemoteTestNG.java:77)
]]>
            </full-stacktrace>
          </exception> <!-- java.lang.NullPointerException -->
          <reporter-output>
          </reporter-output>
        </test-method> <!-- getHeaders -->
        <test-method status="PASS" signature="startReport()[pri:0, instance:restAssured.Tests.TC07_PostRequestWithBodyJsonFileMethodChaining@6121c9d6]" name="startReport" is-config="true" duration-ms="0" started-at="2021-09-19T18:50:14Z" finished-at="2021-09-19T18:50:14Z">
          <reporter-output>
          </reporter-output>
        </test-method> <!-- startReport -->
        <test-method status="PASS" signature="endReport()[pri:0, instance:restAssured.Tests.TC07_PostRequestWithBodyJsonFileMethodChaining@6121c9d6]" name="endReport" is-config="true" duration-ms="39" started-at="2021-09-19T18:50:14Z" finished-at="2021-09-19T18:50:14Z">
          <reporter-output>
          </reporter-output>
        </test-method> <!-- endReport -->
        <test-method status="FAIL" signature="getValueFromResponseBody()[pri:5, instance:restAssured.Tests.TC07_PostRequestWithBodyJsonFileMethodChaining@6121c9d6]" name="getValueFromResponseBody" duration-ms="0" started-at="2021-09-19T18:50:14Z" finished-at="2021-09-19T18:50:14Z">
          <exception class="java.lang.NullPointerException">
            <full-stacktrace>
              <![CDATA[java.lang.NullPointerException
at restAssured.Tests.TC07_PostRequestWithBodyJsonFileMethodChaining.getValueFromResponseBody(TC07_PostRequestWithBodyJsonFileMethodChaining.java:70)
at sun.reflect.NativeMethodAccessorImpl.invoke0(Native Method)
at sun.reflect.NativeMethodAccessorImpl.invoke(NativeMethodAccessorImpl.java:62)
at sun.reflect.DelegatingMethodAccessorImpl.invoke(DelegatingMethodAccessorImpl.java:43)
at java.lang.reflect.Method.invoke(Method.java:498)
at org.testng.internal.MethodInvocationHelper.invokeMethod(MethodInvocationHelper.java:124)
at org.testng.internal.Invoker.invokeMethod(Invoker.java:583)
at org.testng.internal.Invoker.invokeTestMethod(Invoker.java:719)
at org.testng.internal.Invoker.invokeTestMethods(Invoker.java:989)
at org.testng.internal.TestMethodWorker.invokeTestMethods(TestMethodWorker.java:125)
at org.testng.internal.TestMethodWorker.run(TestMethodWorker.java:109)
at org.testng.TestRunner.privateRun(TestRunner.java:648)
at org.testng.TestRunner.run(TestRunner.java:505)
at org.testng.SuiteRunner.runTest(SuiteRunner.java:455)
at org.testng.SuiteRunner.runSequentially(SuiteRunner.java:450)
at org.testng.SuiteRunner.privateRun(SuiteRunner.java:415)
at org.testng.SuiteRunner.run(SuiteRunner.java:364)
at org.testng.SuiteRunnerWorker.runSuite(SuiteRunnerWorker.java:52)
at org.testng.SuiteRunnerWorker.run(SuiteRunnerWorker.java:84)
at org.testng.TestNG.runSuitesSequentially(TestNG.java:1208)
at org.testng.TestNG.runSuitesLocally(TestNG.java:1137)
at org.testng.TestNG.runSuites(TestNG.java:1049)
at org.testng.TestNG.run(TestNG.java:1017)
at org.testng.remote.AbstractRemoteTestNG.run(AbstractRemoteTestNG.java:115)
at org.testng.remote.RemoteTestNG.initAndRun(RemoteTestNG.java:251)
at org.testng.remote.RemoteTestNG.main(RemoteTestNG.java:77)
]]>
            </full-stacktrace>
          </exception> <!-- java.lang.NullPointerException -->
          <reporter-output>
          </reporter-output>
        </test-method> <!-- getValueFromResponseBody -->
        <test-method status="PASS" signature="startReport()[pri:0, instance:restAssured.Tests.TC07_PostRequestWithBodyJsonFileMethodChaining@6121c9d6]" name="startReport" is-config="true" duration-ms="0" started-at="2021-09-19T18:50:14Z" finished-at="2021-09-19T18:50:14Z">
          <reporter-output>
          </reporter-output>
        </test-method> <!-- startReport -->
        <test-method status="PASS" signature="endReport()[pri:0, instance:restAssured.Tests.TC07_PostRequestWithBodyJsonFileMethodChaining@6121c9d6]" name="endReport" is-config="true" duration-ms="30" started-at="2021-09-19T18:50:14Z" finished-at="2021-09-19T18:50:14Z">
          <reporter-output>
          </reporter-output>
        </test-method> <!-- endReport -->
        <test-method status="PASS" signature="afterClass()[pri:0, instance:restAssured.Tests.TC07_PostRequestWithBodyJsonFileMethodChaining@6121c9d6]" name="afterClass" is-config="true" duration-ms="0" started-at="2021-09-19T18:50:14Z" finished-at="2021-09-19T18:50:14Z">
          <reporter-output>
          </reporter-output>
        </test-method> <!-- afterClass -->
      </class> <!-- restAssured.Tests.TC07_PostRequestWithBodyJsonFileMethodChaining -->
    </test> <!-- Default test -->
  </suite> <!-- Default suite -->
</testng-results>
