<?xml version="1.0" encoding="UTF-8"?>
<!-- Generated by org.testng.reporters.JUnitXMLReporter -->
<testsuite hostname="LAPTOP-83AF0GRJ" ignored="0" name="API Rest Assured Test Cases" tests="3" failures="0" timestamp="20 Sep 2021 14:13:18 GMT" time="7.719" errors="0">
  <testcase name="getResponseBody" time="1.082" classname="restAssured.Tests.TC01_GetRequestDetailsPrintTest"/>
  <testcase name="postRequest" time="0.488" classname="restAssured.Tests.TC02_PostRequestWithBodyHeaderTest"/>
  <testcase name="updateRequest" time="5.347" classname="restAssured.Tests.TC03_UpdateRequestWithBodyHeaderTest"/>
</testsuite> <!-- API Rest Assured Test Cases -->
